<?xml version="1.0" encoding="utf-8"?><testsuites name="pytest tests"><testsuite name="pytest" errors="0" failures="0" skipped="0" tests="38" time="139.656" timestamp="2026-05-04T19:09:42.687638+01:00" hostname="ImmatureBug"><testcase classname="tests.test_auth" name="test_login_with_valid_credentials" time="4.663" /><testcase classname="tests.test_auth" name="test_login_with_wrong_password" time="3.477" /><testcase classname="tests.test_auth" name="test_login_with_invalid_email_format" time="2.820" /><testcase classname="tests.test_auth" name="test_login_with_empty_body" time="2.595" /><testcase classname="tests.test_auth" name="test_login_with_no_body" time="2.794" /><testcase classname="tests.test_auth" name="test_login_with_nonexistent_email" time="2.658" /><testcase classname="tests.test_auth" name="test_register_with_valid_credentials" time="3.357" /><testcase classname="tests.test_auth" name="test_register_with_existing_email" time="3.262" /><testcase classname="tests.test_auth" name="test_register_with_empty_fields" time="2.138" /><testcase classname="tests.test_auth" name="test_register_with_invalid_email_format" time="2.698" /><testcase classname="tests.test_auth" name="test_register_with_missing_password" time="3.180" /><testcase classname="tests.test_auth" name="test_register_with_missing_email" time="1.956" /><testcase classname="tests.test_auth" name="test_register_with_short_password" time="2.275" /><testcase classname="tests.test_auth" name="test_logout_with_valid_token" time="8.083" /><testcase classname="tests.test_auth" name="test_logout_without_token" time="2.356" /><testcase classname="tests.test_auth" name="test_logout_with_invalid_token" time="2.611" /><testcase classname="tests.test_auth" name="test_logout_without_platform_header" time="6.397" /><testcase classname="tests.test_auth" name="test_password_reset_with_valid_email" time="2.326" /><testcase classname="tests.test_auth" name="test_password_reset_with_invalid_email" time="3.924" /><testcase classname="tests.test_auth" name="test_password_reset_with_empty_email" time="6.430" /><testcase classname="tests.test_auth" name="test_password_reset_with_invalid_email_format" time="2.893" /><testcase classname="tests.test_auth" name="test_access_protected_endpoint_without_token" time="2.595" /><testcase classname="tests.test_auth" name="test_access_protected_endpoint_with_malformed_token" time="2.727" /><testcase classname="tests.test_auth" name="test_access_protected_endpoint_with_wrong_token_format" time="2.602" /><testcase classname="tests.test_auth" name="test_login_response_contains_required_fields" time="3.179" /><testcase classname="tests.test_auth" name="test_login_user_object_contains_required_fields" time="2.787" /><testcase classname="tests.test_auth" name="test_register_response_contains_required_fields" time="3.549" /><testcase classname="tests.test_auth" name="test_login_with_sql_injection" time="2.012" /><testcase classname="tests.test_auth" name="test_register_with_special_characters_in_username" time="2.680" /><testcase classname="tests.test_users" name="test_get_current_user_with_valid_token" time="6.140" /><testcase classname="tests.test_users" name="test_get_current_user_without_token" time="2.207" /><testcase classname="tests.test_users" name="test_get_current_user_with_invalid_token" time="2.184" /><testcase classname="tests.test_users" name="test_get_all_users_with_valid_token" time="5.519" /><testcase classname="tests.test_users" name="test_get_all_users_without_token" time="1.956" /><testcase classname="tests.test_users" name="test_get_all_users_with_malformed_token" time="6.849" /><testcase classname="tests.test_users" name="test_get_user_with_invalid_id" time="5.670" /><testcase classname="tests.test_users" name="test_get_user_with_invalid_uuid_format" time="6.081" /><testcase classname="tests.test_users" name="test_get_user_without_token" time="2.773" /></testsuite></testsuites>